abaca-> tarei sulac zambo campa 
abace-> tarei 
abale-> tarei 
abata-> tarei 
abate-> tarei 
abati-> tarei 
abatu-> tarei 
abaua-> tarei 
abces-> tarei 
abdic-> tarei 
abila-> tarei 
abile-> tarei 
abili-> tarei 
abjur-> tarei 
abneg-> tarei 
aboli-> tarei 
abona-> tarei 
abrac-> tarei 
abras-> tarei 
abrog-> tarei 
abtie-> tarei 
abtii-> tarei 
abtin-> tarei 
abtiu-> tarei 
aburc-> tarei 
aburi-> tarei 
abuza-> tarei 
acaju-> tarei 
acana-> tarei 
acani-> tarei 
acant-> tarei 
acare-> tarei 
acari-> tarei 
acasa-> tarei 
acata-> tarei 
acate-> tarei 
acati-> tarei 
acced-> tarei 
acces-> tarei 
acciz-> tarei 
aceea-> tarei 
aceia-> tarei 
acela-> tarei 
acele-> tarei 
acera-> tarei 
acerb-> tarei 
acere-> tarei 
aceri-> tarei 
acest-> tarei 
achii-> tarei 
achit-> tarei 
achiu-> tarei 
acida-> tarei 
acide-> tarei 
acila-> tarei 
acili-> tarei 
acine-> tarei 
acira-> tarei 
acire-> tarei 
aciri-> tarei 
aciua-> tarei 
aciui-> tarei 
acizi-> tarei 
aclam-> tarei 
acnee-> tarei 
acolo-> tarei 
acont-> tarei 
acord-> tarei 
acqua-> tarei 
acrea-> tarei 
acrei-> tarei 
acria-> tarei 
acrie-> tarei 
acrii-> tarei 
acrim-> tarei 
acris-> tarei 
acrit-> tarei 
acriu-> tarei 
acrul-> tarei 
acrut-> tarei 
activ-> tarei 
actor-> tarei 
actul-> tarei 
acuma-> tarei 
acusa-> tarei 
acusi-> tarei 
acuta-> tarei 
acute-> tarei 
acuti-> tarei 
acuza-> tarei 
acuze-> tarei 
acuzi-> tarei 
adanc-> tarei 
adaog-> tarei 
adaos-> tarei 
adapa-> tarei 
adape-> tarei 
adapi-> tarei 
adast-> tarei 
adaug-> tarei 
adaus-> tarei 
adeca-> tarei 
adept-> tarei 
adera-> tarei 
adere-> tarei 
aderi-> tarei 
adese-> tarei 
