abaca-> tarei sucna modal briam armar 
abace-> tarei 
abale-> tarei 
abata-> tarei 
abate-> tarei 
abati-> tarei 
abatu-> tarei 
abaua-> tarei 
abces-> tarei 
abdic-> tarei 
abila-> tarei 
abile-> tarei 
abili-> tarei 
abjur-> tarei 
abneg-> tarei 
aboli-> tarei 
abona-> tarei 
abrac-> tarei 
abras-> tarei 
abrog-> tarei 
abtie-> tarei 
abtii-> tarei 
abtin-> tarei 
abtiu-> tarei 
aburc-> tarei 
aburi-> tarei 
abuza-> tarei 
acaju-> tarei 
acana-> tarei 
acani-> tarei 
acant-> tarei 
acare-> tarei 
acari-> tarei 
acasa-> tarei 
acata-> tarei 
acate-> tarei 
acati-> tarei 
acced-> tarei 
acces-> tarei 
acciz-> tarei 
aceea-> tarei 
aceia-> tarei 
acela-> tarei 
acele-> tarei 
acera-> tarei 
acerb-> tarei 
acere-> tarei 
aceri-> tarei 
acest-> tarei 
achii-> tarei 
achit-> tarei 
achiu-> tarei 
acida-> tarei 
acide-> tarei 
acila-> tarei 
acili-> tarei 
acine-> tarei 
acira-> tarei 
acire-> tarei 
aciri-> tarei 
aciua-> tarei 
aciui-> tarei 
acizi-> tarei 
aclam-> tarei 
acnee-> tarei 
acolo-> tarei 
acont-> tarei 
acord-> tarei 
acqua-> tarei 
acrea-> tarei 
acrei-> tarei 
acria-> tarei 
acrie-> tarei 
acrii-> tarei 
acrim-> tarei 
acris-> tarei 
acrit-> tarei 
acriu-> tarei 
acrul-> tarei 
acrut-> tarei 
activ-> tarei 
actor-> tarei 
actul-> tarei 
acuma-> tarei 
acusa-> tarei 
acusi-> tarei 
acuta-> tarei 
acute-> tarei 
acuti-> tarei 
acuza-> tarei 
acuze-> tarei 
acuzi-> tarei 
adanc-> tarei 
adaog-> tarei 
adaos-> tarei 
adapa-> tarei 
adape-> tarei 
adapi-> tarei 
adast-> tarei 
adaug-> tarei 
adaus-> tarei 
adeca-> tarei 
adept-> tarei 
adera-> tarei 
adere-> tarei 
aderi-> tarei 
adese-> tarei 
adiai-> tarei 
adiam-> tarei 
adiat-> tarei 
adiau-> tarei 
adica-> tarei 
adiem-> tarei 
adins-> tarei 
admir-> tarei 
admis-> tarei 
admit-> tarei 
adnat-> tarei 
adopt-> tarei 
adora-> tarei 
adore-> tarei 
adori-> tarei 
adorm-> tarei 
aduca-> tarei 
aduce-> tarei 
aduci-> tarei 
aduct-> tarei 
adula-> tarei 
adult-> tarei 
aduna-> tarei 
adune-> tarei 
aduni-> tarei 
adusa-> tarei 
aduse-> tarei 
adusi-> tarei 
advon-> tarei 
aedul-> tarei 
aequo-> tarei 
aerai-> tarei 
aeraj-> tarei 
aeram-> tarei 
aerat-> tarei 
aerau-> tarei 
aerez-> tarei 
aerob-> tarei 
aeros-> tarei 
aerul-> tarei 
aezii-> tarei 
afana-> tarei 
afara-> tarei 
afect-> tarei 
afgan-> tarei 
afida-> tarei 
afide-> tarei 
afifa-> tarei 
afife-> tarei 
afifi-> tarei 
afina-> tarei 
afine-> tarei 
afini-> tarei 
afion-> tarei 
afipt-> tarei 
afirm-> tarei 
afisa-> tarei 
afise-> tarei 
afixe-> tarei 
aflai-> tarei 
aflam-> tarei 
aflat-> tarei 
aflau-> tarei 
aflui-> tarei 
aflux-> tarei 
afona-> tarei 
afone-> tarei 
afoni-> tarei 
aftei-> tarei 
aftor-> tarei 
aftos-> tarei 
afuma-> tarei 
afume-> tarei 
afumi-> tarei 
afund-> tarei 
afurc-> tarei 
agale-> tarei 
agapa-> tarei 
agape-> tarei 
agasa-> tarei 
agata-> tarei 
agate-> tarei 
agati-> tarei 
agaua-> tarei 
agava-> tarei 
agave-> tarei 
agent-> tarei 
agera-> tarei 
agere-> tarei 
ageri-> tarei 
agest-> tarei 
aghii-> tarei 
agiei-> tarei 
agila-> tarei 
agile-> tarei 
agili-> tarei 
agita-> tarei 
agite-> tarei 
agiti-> tarei 
agiul-> tarei 
